<?xml version="1.0" encoding="UTF-8"?>
<!-- Generated by org.testng.reporters.JUnitXMLReporter -->
<testsuite ignored="0" hostname="My-Legion" failures="0" tests="4" name="Command line test" time="3.078" errors="0" timestamp="2022-06-11T13:10:12 WIB">
  <testcase classname="FirstTest" name="first" time="1.378"/>
  <testcase classname="SecondTest" name="second" time="0.764"/>
  <testcase classname="users.ListUsersTest" name="successGetListUsers" time="0.453"/>
  <testcase classname="users.SingleUserTest" name="successGetSingleUser" time="0.459"/>
</testsuite> <!-- Command line test -->
