<?xml version="1.0" encoding="UTF-8"?>
<testng-results ignored="0" total="4" passed="4" failed="0" skipped="0">
  <reporter-output>
  </reporter-output>
  <suite started-at="2022-06-11T13:10:09 WIB" name="Command line suite" finished-at="2022-06-11T13:10:12 WIB" duration-ms="3078">
    <groups>
    </groups>
    <test started-at="2022-06-11T13:10:09 WIB" name="Command line test" finished-at="2022-06-11T13:10:12 WIB" duration-ms="3078">
      <class name="users.SingleUserTest">
        <test-method signature="successGetSingleUser(org.testng.ITestContext)[pri:0, instance:users.SingleUserTest@345965f2]" started-at="2022-06-11T13:10:12 WIB" name="successGetSingleUser" finished-at="2022-06-11T13:10:12 WIB" duration-ms="459" status="PASS">
          <params>
            <param index="0">
              <value>
                <![CDATA[org.testng.TestRunner@6ef2f7ad]]>
              </value>
            </param>
          </params>
          <reporter-output>
          </reporter-output>
        </test-method> <!-- successGetSingleUser -->
      </class> <!-- users.SingleUserTest -->
      <class name="SecondTest">
        <test-method signature="second()[pri:0, instance:SecondTest@5a4aa2f2]" started-at="2022-06-11T13:10:11 WIB" name="second" finished-at="2022-06-11T13:10:11 WIB" duration-ms="764" status="PASS">
          <reporter-output>
          </reporter-output>
        </test-method> <!-- second -->
      </class> <!-- SecondTest -->
      <class name="users.ListUsersTest">
        <test-method signature="successGetListUsers(org.testng.ITestContext)[pri:0, instance:users.ListUsersTest@6591f517]" started-at="2022-06-11T13:10:11 WIB" name="successGetListUsers" finished-at="2022-06-11T13:10:12 WIB" duration-ms="453" status="PASS">
          <params>
            <param index="0">
              <value>
                <![CDATA[org.testng.TestRunner@6ef2f7ad]]>
              </value>
            </param>
          </params>
          <reporter-output>
          </reporter-output>
        </test-method> <!-- successGetListUsers -->
      </class> <!-- users.ListUsersTest -->
      <class name="FirstTest">
        <test-method signature="first()[pri:0, instance:FirstTest@6a472554]" started-at="2022-06-11T13:10:09 WIB" name="first" finished-at="2022-06-11T13:10:11 WIB" duration-ms="1378" status="PASS">
          <reporter-output>
          </reporter-output>
        </test-method> <!-- first -->
      </class> <!-- FirstTest -->
    </test> <!-- Command line test -->
  </suite> <!-- Command line suite -->
</testng-results>
